c:\users\gg_11\source\repos\destructibleenvironment\destructibleenvironment\debug\pch.pch
c:\users\gg_11\source\repos\destructibleenvironment\destructibleenvironment\debug\vc141.pdb
c:\users\gg_11\source\repos\destructibleenvironment\destructibleenvironment\debug\vc141.idb
c:\users\gg_11\source\repos\destructibleenvironment\destructibleenvironment\debug\pch.obj
c:\users\gg_11\source\repos\destructibleenvironment\destructibleenvironment\debug\face.obj
c:\users\gg_11\source\repos\destructibleenvironment\destructibleenvironment\debug\physicsengine.obj
c:\users\gg_11\source\repos\destructibleenvironment\destructibleenvironment\debug\app.obj
c:\users\gg_11\source\repos\destructibleenvironment\destructibleenvironment\debug\world.obj
c:\users\gg_11\source\repos\destructibleenvironment\destructibleenvironment\debug\destructibleenvironmentmain.obj
c:\users\gg_11\source\repos\destructibleenvironment\destructibleenvironment\debug\shapeedge.obj
c:\users\gg_11\source\repos\destructibleenvironment\destructibleenvironment\debug\deviceresources.obj
c:\users\gg_11\source\repos\destructibleenvironment\destructibleenvironment\debug\point.obj
c:\users\gg_11\source\repos\destructibleenvironment\destructibleenvironment\debug\sample3dscenerenderer.obj
c:\users\gg_11\source\repos\destructibleenvironment\destructibleenvironment\debug\renderer.obj
c:\users\gg_11\source\repos\destructibleenvironment\destructibleenvironment\debug\dynamicmesh.obj
c:\users\gg_11\source\repos\destructibleenvironment\destructibleenvironment\debug\shapeproxy.obj
c:\users\gg_11\source\repos\destructibleenvironment\destructibleenvironment\debug\newpointsgetter.obj
c:\users\gg_11\source\repos\destructibleenvironment\destructibleenvironment\debug\physics.obj
c:\users\gg_11\source\repos\destructibleenvironment\destructibleenvironment\debug\samplefpstextrenderer.obj
c:\users\gg_11\source\repos\destructibleenvironment\destructibleenvironment\debug\shape.obj
c:\users\gg_11\source\repos\destructibleenvironment\debug\destructibleenvironment\samplepixelshader.cso
c:\users\gg_11\source\repos\destructibleenvironment\debug\destructibleenvironment\samplevertexshader.cso
c:\users\gg_11\source\repos\destructibleenvironment\debug\destructibleenvironment\mypixelshader.cso
c:\users\gg_11\source\repos\destructibleenvironment\debug\destructibleenvironment\myvertexshader.cso
c:\users\gg_11\source\repos\destructibleenvironment\debug\destructibleenvironment\destructibleenvironment.pdb
c:\users\gg_11\source\repos\destructibleenvironment\destructibleenvironment\debug\destruct.de31be5c.tlog\cl.command.1.tlog
c:\users\gg_11\source\repos\destructibleenvironment\destructibleenvironment\debug\destruct.de31be5c.tlog\cl.read.1.tlog
c:\users\gg_11\source\repos\destructibleenvironment\destructibleenvironment\debug\destruct.de31be5c.tlog\cl.write.1.tlog
c:\users\gg_11\source\repos\destructibleenvironment\destructibleenvironment\debug\destruct.de31be5c.tlog\fxc.command.1.tlog
c:\users\gg_11\source\repos\destructibleenvironment\destructibleenvironment\debug\destruct.de31be5c.tlog\fxc.read.1.tlog
c:\users\gg_11\source\repos\destructibleenvironment\destructibleenvironment\debug\destruct.de31be5c.tlog\fxc.write.1.tlog
c:\users\gg_11\source\repos\destructibleenvironment\destructibleenvironment\debug\destruct.de31be5c.tlog\link.command.1.tlog
c:\users\gg_11\source\repos\destructibleenvironment\destructibleenvironment\debug\destruct.de31be5c.tlog\link.read.1.tlog
c:\users\gg_11\source\repos\destructibleenvironment\destructibleenvironment\debug\destruct.de31be5c.tlog\link.write.1.tlog
